
10/11/2015, 8:38:43 PM

Operating System
  Name                        = Linux Mint 17.2 Rafaela
  Version                     = 17.2
  Architecture                = 64bit
  # CPUs                      = 4
  Memory                      = 16711438336

Node.js
  Node.js Version             = 4.0.0
  npm Version                 = 2.14.2

Titanium CLI
  CLI Version                 = 5.0.4

Titanium SDK
  SDK Version                 = 5.0.1.GA
  SDK Path                    = /home/fatone/.titanium/mobilesdk/linux/5.0.1.GA
  Target Platform             = android

Command
  /usr/local/bin/node /home/fatone/.appcelerator/install/5.0.2/package/node_modules/appc-cli-titanium/node_modules/titanium/bin/titanium build --platform android --log-level trace --sdk 5.0.1.GA --project-dir /home/fatone/Appcelerator_Studio_Workspace2/userAuthentication --target emulator --android-sdk /home/fatone/Android --device-id Fat --skip-js-minify --no-colors --no-progress-bars --no-prompt --prompt-type socket-bundle --prompt-port 44744 --plugin-paths /home/fatone/.appcelerator/install/5.0.2/package/node_modules --config-file /tmp/build-1444613917824.json --no-banner

[WARN]   Unable to locate an /usr/lib/libGL.so.
[WARN]   Without the libGL library, the Android Emulator may not work properly.
[WARN]   You may be able to fix it by reinstalling your graphics drivers and make sure it installs the 32-bit version.
[DEBUG]  Detecting modules in /home/fatone/.titanium/modules
[DEBUG]  Detected android module: facebook 4.0.5 @ /home/fatone/.titanium/modules/android/facebook/4.0.5
[DEBUG]  Detected android module: ti.cloudpush 3.4.0 @ /home/fatone/.titanium/modules/android/ti.cloudpush/3.4.0
[DEBUG]  Detected android module: ti.map 2.3.3 @ /home/fatone/.titanium/modules/android/ti.map/2.3.3
[DEBUG]  Detected commonjs module: ti.cloud 3.2.9 @ /home/fatone/.titanium/modules/commonjs/ti.cloud/3.2.9
[DEBUG]  Looking for Titanium module id=ti.cloud version=latest platform=commonjs deploy-type=development
[INFO]   Found Titanium module id=ti.cloud version=3.2.9 platform=commonjs deploy-type=development path=/home/fatone/.titanium/modules/commonjs/ti.cloud/3.2.9
[DEBUG]  No project level plugins to load
[TRACE]  Snapshotting build directory
[DEBUG]  Titanium SDK Android directory: /home/fatone/.titanium/mobilesdk/linux/5.0.1.GA/android
[INFO]   Deploy type: development
[INFO]   Building for target: emulator
[INFO]   Building for emulator: Fat
[INFO]   Targeting Android SDK: 23
[INFO]   Building for the following architectures: armeabi, armeabi-v7a, x86
[INFO]   Signing with keystore: /home/fatone/.titanium/mobilesdk/linux/5.0.1.GA/android/dev_keystore (tidev)
[DEBUG]  App ID: com.user_authentication
[DEBUG]  Classname: Userauthentication
[INFO]   Debugging disabled
[INFO]   Profiler disabled
[INFO]   Forcing rebuild: JavaScript encryption flag changed
[INFO]     Was: true
[INFO]     Now: false
[INFO]   Launching emulator: Fat
[TRACE]  Starting emulator: Fat
[TRACE]  Checking if emulator Fat is running...
[TRACE]  Detecting if Fat exists...
[TRACE]  Found 1 emulators
[TRACE]  Emulator exists, detecting all running emulators and connected devices...
[TRACE]  Detected 1 running emulators and connected devices
[TRACE]  Checking 1 devices to see if it's the emulator we want
[TRACE]  The emulator is running
[INFO]   Emulator already running
[TRACE]  Checking the boot state for the next 240000 ms
[TRACE]  Waiting for emulator to register with ADB
[TRACE]  Emulator process started
[TRACE]  offline build file /tmp/build-8b0ae9c699c224aa3f0878ad97c5764969964174.json
[TRACE]  Found 1 devices, checking if any of them are the emulator...
[TRACE]  Emulator is running!
[TRACE]  Checking if boot animation has finished...
[TRACE]  Emulator is booted, emitting booted event
[INFO]   Emulator is booted
[INFO]   SD card not required, skipping mount check
[INFO]   Emulator ready!
[TRACE]  online 1
[TRACE]  optimizing build, last build was 637.869 sec ago
[DEBUG]  Copying /home/fatone/Appcelerator_Studio_Workspace2/userAuthentication/Resources
[WARN]   Overwriting file /home/fatone/Appcelerator_Studio_Workspace2/userAuthentication/build/android/bin/assets/Resources/KS_nav_ui.png
[DEBUG]  Symlinking /home/fatone/Appcelerator_Studio_Workspace2/userAuthentication/Resources/KS_nav_ui.png => /home/fatone/Appcelerator_Studio_Workspace2/userAuthentication/build/android/bin/assets/Resources/KS_nav_ui.png
[WARN]   Overwriting file /home/fatone/Appcelerator_Studio_Workspace2/userAuthentication/build/android/bin/assets/Resources/KS_nav_views.png
[DEBUG]  Symlinking /home/fatone/Appcelerator_Studio_Workspace2/userAuthentication/Resources/KS_nav_views.png => /home/fatone/Appcelerator_Studio_Workspace2/userAuthentication/build/android/bin/assets/Resources/KS_nav_views.png
[DEBUG]  Ignoring /home/fatone/Appcelerator_Studio_Workspace2/userAuthentication/Resources/mobileweb
[DEBUG]  Copying /home/fatone/Appcelerator_Studio_Workspace2/userAuthentication/Resources/android
[DEBUG]  Copying /home/fatone/.titanium/modules/commonjs/ti.cloud/3.2.9/ti.cloud.js
[DEBUG]  Copying /home/fatone/.titanium/modules/commonjs/ti.cloud/3.2.9/assets
[DEBUG]  Symlinking /home/fatone/Appcelerator_Studio_Workspace2/userAuthentication/build/android/bin/assets/Resources/appicon.png => /home/fatone/Appcelerator_Studio_Workspace2/userAuthentication/build/android/res/drawable/appicon.png
[DEBUG]  Symlinking /home/fatone/.titanium/mobilesdk/linux/5.0.1.GA/android/templates/app/default/template/Resources/android/default.png => /home/fatone/Appcelerator_Studio_Workspace2/userAuthentication/build/android/res/drawable/background.png
[INFO]   Processing JavaScript files
[DEBUG]  Symlinking /home/fatone/Appcelerator_Studio_Workspace2/userAuthentication/Resources/app.js => /home/fatone/Appcelerator_Studio_Workspace2/userAuthentication/build/android/assets/app.js
[DEBUG]  Symlinking /home/fatone/Appcelerator_Studio_Workspace2/userAuthentication/Resources/main_windows/account.js => /home/fatone/Appcelerator_Studio_Workspace2/userAuthentication/build/android/assets/main_windows/account.js
[DEBUG]  Symlinking /home/fatone/Appcelerator_Studio_Workspace2/userAuthentication/Resources/main_windows/login.js => /home/fatone/Appcelerator_Studio_Workspace2/userAuthentication/build/android/assets/main_windows/login.js
[DEBUG]  Symlinking /home/fatone/Appcelerator_Studio_Workspace2/userAuthentication/Resources/main_windows/main.js => /home/fatone/Appcelerator_Studio_Workspace2/userAuthentication/build/android/assets/main_windows/main.js
[DEBUG]  Symlinking /home/fatone/.titanium/modules/commonjs/ti.cloud/3.2.9/ti.cloud.js => /home/fatone/Appcelerator_Studio_Workspace2/userAuthentication/build/android/assets/ti.cloud.js
[INFO]   Encrypting JavaScript files: /home/fatone/.titanium/mobilesdk/linux/5.0.1.GA/android/titanium_prep.linux64 "com.user_authentication" "/home/fatone/Appcelerator_Studio_Workspace2/userAuthentication/build/android/assets" "app.js" "main_windows/account.js" "main_windows/login.js" "main_windows/main.js" "ti.cloud.js" "_app_props_.json"
[DEBUG]  Adding library /home/fatone/.titanium/mobilesdk/linux/5.0.1.GA/android/kroll-v8.jar
[DEBUG]  Adding library /home/fatone/.titanium/mobilesdk/linux/5.0.1.GA/android/modules/titanium-analytics.jar
[DEBUG]  Adding dependency library /home/fatone/.titanium/mobilesdk/linux/5.0.1.GA/android/aps-analytics.jar
[DEBUG]  Adding library /home/fatone/.titanium/mobilesdk/linux/5.0.1.GA/android/modules/titanium-android.jar
[DEBUG]  Adding dependency library /home/fatone/.titanium/mobilesdk/linux/5.0.1.GA/android/jaxen-1.1.1.jar
[DEBUG]  Adding dependency library /home/fatone/.titanium/mobilesdk/linux/5.0.1.GA/android/ti-commons-codec-1.3.jar
[DEBUG]  Adding dependency library /home/fatone/.titanium/mobilesdk/linux/5.0.1.GA/android/kroll-common.jar
[DEBUG]  Adding dependency library /home/fatone/.titanium/mobilesdk/linux/5.0.1.GA/android/titanium.jar
[DEBUG]  Adding library /home/fatone/.titanium/mobilesdk/linux/5.0.1.GA/android/modules/titanium-app.jar
[DEBUG]  Adding library /home/fatone/.titanium/mobilesdk/linux/5.0.1.GA/android/modules/titanium-ui.jar
[DEBUG]  Adding dependency library /home/fatone/.titanium/mobilesdk/linux/5.0.1.GA/android/nineoldandroids-appc-2.4.0.jar
[DEBUG]  Adding library /home/fatone/.titanium/mobilesdk/linux/5.0.1.GA/android/modules/titanium-filesystem.jar
[DEBUG]  Adding library /home/fatone/.titanium/mobilesdk/linux/5.0.1.GA/android/modules/titanium-media.jar
[DEBUG]  Adding library /home/fatone/.titanium/mobilesdk/linux/5.0.1.GA/android/modules/titanium-appcompat.jar
[DEBUG]  Adding dependency library /home/fatone/.titanium/mobilesdk/linux/5.0.1.GA/android/android-support-v4.jar
[DEBUG]  Adding dependency library /home/fatone/.titanium/mobilesdk/linux/5.0.1.GA/android/android-support-v7-appcompat.jar
[DEBUG]  Adding library /home/fatone/.titanium/mobilesdk/linux/5.0.1.GA/android/modules/titanium-locale.jar
[DEBUG]  Adding library /home/fatone/.titanium/mobilesdk/linux/5.0.1.GA/android/modules/titanium-network.jar
[DEBUG]  Adding library /home/fatone/.titanium/mobilesdk/linux/5.0.1.GA/android/modules/titanium-xml.jar
[DEBUG]  Adding library /home/fatone/.titanium/mobilesdk/linux/5.0.1.GA/android/modules/titanium-utils.jar
[DEBUG]  Adding library /home/fatone/.titanium/mobilesdk/linux/5.0.1.GA/android/modules/titanium-geolocation.jar
[DEBUG]  Adding library /home/fatone/.titanium/mobilesdk/linux/5.0.1.GA/android/modules/titanium-accelerometer.jar
[DEBUG]  Adding library /home/fatone/.titanium/mobilesdk/linux/5.0.1.GA/android/modules/titanium-contacts.jar
[DEBUG]  Adding library /home/fatone/.titanium/mobilesdk/linux/5.0.1.GA/android/modules/titanium-map.jar
[DEBUG]  Adding library /home/fatone/.titanium/mobilesdk/linux/5.0.1.GA/android/modules/titanium-gesture.jar
[DEBUG]  Adding library /home/fatone/.titanium/mobilesdk/linux/5.0.1.GA/android/modules/titanium-calendar.jar
[DEBUG]  Adding library /home/fatone/.titanium/mobilesdk/linux/5.0.1.GA/android/modules/titanium-platform.jar
[DEBUG]  Adding library /home/fatone/.titanium/mobilesdk/linux/5.0.1.GA/android/modules/titanium-database.jar
[DEBUG]  Unknown namespace app.deploytype, skipping
[DEBUG]  Unknown namespace api, skipping
[DEBUG]  Unknown namespace ui.ios, skipping
[INFO]   Writing /home/fatone/Appcelerator_Studio_Workspace2/userAuthentication/build/android/bin/assets/app.json
[INFO]   Extracting module resources: /home/fatone/.titanium/mobilesdk/linux/5.0.1.GA/android/modules/titanium-analytics.res.zip
[DEBUG]  Copying /tmp/115911-31778-1naokpm/res/values/strings.xml => /home/fatone/Appcelerator_Studio_Workspace2/userAuthentication/build/android/res/values/strings.xml
[INFO]   Extracting module resources: /home/fatone/.titanium/mobilesdk/linux/5.0.1.GA/android/modules/titanium-android.res.zip
[DEBUG]  Merging /tmp/115911-31778-128jwgk/res/values/strings.xml => /home/fatone/Appcelerator_Studio_Workspace2/userAuthentication/build/android/res/values/strings.xml
[INFO]   Extracting module resources: /home/fatone/.titanium/mobilesdk/linux/5.0.1.GA/android/modules/titanium-app.res.zip
[DEBUG]  Merging /tmp/115911-31778-3993gj/res/values/strings.xml => /home/fatone/Appcelerator_Studio_Workspace2/userAuthentication/build/android/res/values/strings.xml
[INFO]   Extracting module resources: /home/fatone/.titanium/mobilesdk/linux/5.0.1.GA/android/modules/titanium-filesystem.res.zip
[DEBUG]  Merging /tmp/115911-31778-1pwr30n/res/values/strings.xml => /home/fatone/Appcelerator_Studio_Workspace2/userAuthentication/build/android/res/values/strings.xml
[INFO]   Extracting module resources: /home/fatone/.titanium/mobilesdk/linux/5.0.1.GA/android/modules/titanium-media.res.zip
[DEBUG]  Merging /tmp/115911-31778-197xryi/res/values/strings.xml => /home/fatone/Appcelerator_Studio_Workspace2/userAuthentication/build/android/res/values/strings.xml
[INFO]   Extracting module resources: /home/fatone/.titanium/mobilesdk/linux/5.0.1.GA/android/modules/titanium-locale.res.zip
[DEBUG]  Merging /tmp/115911-31778-18m8wvc/res/values/strings.xml => /home/fatone/Appcelerator_Studio_Workspace2/userAuthentication/build/android/res/values/strings.xml
[INFO]   Extracting module resources: /home/fatone/.titanium/mobilesdk/linux/5.0.1.GA/android/modules/titanium-network.res.zip
[DEBUG]  Merging /tmp/115911-31778-16jtfse/res/values/strings.xml => /home/fatone/Appcelerator_Studio_Workspace2/userAuthentication/build/android/res/values/strings.xml
[INFO]   Extracting module resources: /home/fatone/.titanium/mobilesdk/linux/5.0.1.GA/android/modules/titanium-xml.res.zip
[DEBUG]  Merging /tmp/115911-31778-1bz6px2/res/values/strings.xml => /home/fatone/Appcelerator_Studio_Workspace2/userAuthentication/build/android/res/values/strings.xml
[INFO]   Extracting module resources: /home/fatone/.titanium/mobilesdk/linux/5.0.1.GA/android/modules/titanium-utils.res.zip
[DEBUG]  Merging /tmp/115911-31778-cak4oc/res/values/strings.xml => /home/fatone/Appcelerator_Studio_Workspace2/userAuthentication/build/android/res/values/strings.xml
[INFO]   Extracting module resources: /home/fatone/.titanium/mobilesdk/linux/5.0.1.GA/android/modules/titanium-geolocation.res.zip
[DEBUG]  Merging /tmp/115911-31778-135b07t/res/values/strings.xml => /home/fatone/Appcelerator_Studio_Workspace2/userAuthentication/build/android/res/values/strings.xml
[INFO]   Extracting module resources: /home/fatone/.titanium/mobilesdk/linux/5.0.1.GA/android/modules/titanium-accelerometer.res.zip
[DEBUG]  Merging /tmp/115911-31778-1cqglix/res/values/strings.xml => /home/fatone/Appcelerator_Studio_Workspace2/userAuthentication/build/android/res/values/strings.xml
[INFO]   Extracting module resources: /home/fatone/.titanium/mobilesdk/linux/5.0.1.GA/android/modules/titanium-contacts.res.zip
[DEBUG]  Merging /tmp/115911-31778-x3hek7/res/values/strings.xml => /home/fatone/Appcelerator_Studio_Workspace2/userAuthentication/build/android/res/values/strings.xml
[INFO]   Extracting module resources: /home/fatone/.titanium/mobilesdk/linux/5.0.1.GA/android/modules/titanium-map.res.zip
[DEBUG]  Merging /tmp/115911-31778-988dpv/res/values/strings.xml => /home/fatone/Appcelerator_Studio_Workspace2/userAuthentication/build/android/res/values/strings.xml
[INFO]   Extracting module resources: /home/fatone/.titanium/mobilesdk/linux/5.0.1.GA/android/modules/titanium-gesture.res.zip
[DEBUG]  Merging /tmp/115911-31778-x2fml5/res/values/strings.xml => /home/fatone/Appcelerator_Studio_Workspace2/userAuthentication/build/android/res/values/strings.xml
[INFO]   Extracting module resources: /home/fatone/.titanium/mobilesdk/linux/5.0.1.GA/android/modules/titanium-calendar.res.zip
[DEBUG]  Merging /tmp/115911-31778-12zan15/res/values/strings.xml => /home/fatone/Appcelerator_Studio_Workspace2/userAuthentication/build/android/res/values/strings.xml
[INFO]   Extracting module resources: /home/fatone/.titanium/mobilesdk/linux/5.0.1.GA/android/modules/titanium-platform.res.zip
[DEBUG]  Merging /tmp/115911-31778-sbj3i5/res/values/strings.xml => /home/fatone/Appcelerator_Studio_Workspace2/userAuthentication/build/android/res/values/strings.xml
[INFO]   Extracting module resources: /home/fatone/.titanium/mobilesdk/linux/5.0.1.GA/android/modules/titanium-database.res.zip
[DEBUG]  Merging /tmp/115911-31778-1alntws/res/values/strings.xml => /home/fatone/Appcelerator_Studio_Workspace2/userAuthentication/build/android/res/values/strings.xml
[DEBUG]  Removing old file: /home/fatone/Appcelerator_Studio_Workspace2/userAuthentication/build/android/.classpath
[DEBUG]  Removing old file: /home/fatone/Appcelerator_Studio_Workspace2/userAuthentication/build/android/.gitignore
[DEBUG]  Removing old file: /home/fatone/Appcelerator_Studio_Workspace2/userAuthentication/build/android/.project
[DEBUG]  Removing old file: /home/fatone/Appcelerator_Studio_Workspace2/userAuthentication/build/android/AndroidManifest.xml
[DEBUG]  Removing old file: /home/fatone/Appcelerator_Studio_Workspace2/userAuthentication/build/android/default.properties
[DEBUG]  Removing old file: /home/fatone/Appcelerator_Studio_Workspace2/userAuthentication/build/android/java-sources.txt
[DEBUG]  Copying template /home/fatone/.titanium/mobilesdk/linux/5.0.1.GA/android/templates/build/AppInfo.java => /home/fatone/Appcelerator_Studio_Workspace2/userAuthentication/build/android/gen/com/user_authentication/UserauthenticationAppInfo.java
[DEBUG]  Copying template /home/fatone/.titanium/mobilesdk/linux/5.0.1.GA/android/templates/build/App.java => /home/fatone/Appcelerator_Studio_Workspace2/userAuthentication/build/android/gen/com/user_authentication/UserauthenticationApplication.java
[DEBUG]  Copying template /home/fatone/.titanium/mobilesdk/linux/5.0.1.GA/android/templates/build/Activity.java => /home/fatone/Appcelerator_Studio_Workspace2/userAuthentication/build/android/gen/com/user_authentication/UserauthenticationActivity.java
[DEBUG]  Copying template /home/fatone/.titanium/mobilesdk/linux/5.0.1.GA/android/templates/build/project => /home/fatone/Appcelerator_Studio_Workspace2/userAuthentication/build/android/.project
[DEBUG]  Copying template /home/fatone/.titanium/mobilesdk/linux/5.0.1.GA/android/templates/build/default.properties => /home/fatone/Appcelerator_Studio_Workspace2/userAuthentication/build/android/default.properties
[DEBUG]  Copying /home/fatone/.titanium/mobilesdk/linux/5.0.1.GA/android/templates/build/gitignore => /home/fatone/Appcelerator_Studio_Workspace2/userAuthentication/build/android/.gitignore
[DEBUG]  Copying /home/fatone/.titanium/mobilesdk/linux/5.0.1.GA/android/templates/build/classpath => /home/fatone/Appcelerator_Studio_Workspace2/userAuthentication/build/android/.classpath
[INFO]   No aidl files to compile, continuing
[INFO]   Generating i18n files
[DEBUG]  Merging en strings => /home/fatone/Appcelerator_Studio_Workspace2/userAuthentication/build/android/res/values/strings.xml
[INFO]   Generating /home/fatone/Appcelerator_Studio_Workspace2/userAuthentication/build/android/res/values/theme.xml
[INFO]   Packaging application: /home/fatone/Android/build-tools/23.0.1/aapt "package" "-f" "-m" "-J" "/home/fatone/Appcelerator_Studio_Workspace2/userAuthentication/build/android/gen" "-M" "/home/fatone/Appcelerator_Studio_Workspace2/userAuthentication/build/android/AndroidManifest.xml" "-A" "/home/fatone/Appcelerator_Studio_Workspace2/userAuthentication/build/android/bin/assets" "-S" "/home/fatone/Appcelerator_Studio_Workspace2/userAuthentication/build/android/res" "-I" "/home/fatone/Android/platforms/android-23/android.jar" "-F" "/home/fatone/Appcelerator_Studio_Workspace2/userAuthentication/build/android/bin/app.ap_" "--auto-add-overlay" "--extra-packages" "ti.modules.titanium.ui:android.support.v7.appcompat" "-S" "/tmp/115911-31778-1yqdgi1/res" "-S" "/tmp/115911-31778-hne3l0/res"
[INFO]   Building Java source files: /usr/lib/jvm/java-7-openjdk-amd64/bin/javac "-J-Xmx256M" "-encoding" "utf8" "-bootclasspath" "/home/fatone/Android/platforms/android-23/android.jar:/home/fatone/.titanium/mobilesdk/linux/5.0.1.GA/android/kroll-v8.jar:/home/fatone/.titanium/mobilesdk/linux/5.0.1.GA/android/modules/titanium-analytics.jar:/home/fatone/.titanium/mobilesdk/linux/5.0.1.GA/android/aps-analytics.jar:/home/fatone/.titanium/mobilesdk/linux/5.0.1.GA/android/modules/titanium-android.jar:/home/fatone/.titanium/mobilesdk/linux/5.0.1.GA/android/jaxen-1.1.1.jar:/home/fatone/.titanium/mobilesdk/linux/5.0.1.GA/android/ti-commons-codec-1.3.jar:/home/fatone/.titanium/mobilesdk/linux/5.0.1.GA/android/kroll-common.jar:/home/fatone/.titanium/mobilesdk/linux/5.0.1.GA/android/titanium.jar:/home/fatone/.titanium/mobilesdk/linux/5.0.1.GA/android/modules/titanium-app.jar:/home/fatone/.titanium/mobilesdk/linux/5.0.1.GA/android/modules/titanium-ui.jar:/home/fatone/.titanium/mobilesdk/linux/5.0.1.GA/android/nineoldandroids-appc-2.4.0.jar:/home/fatone/.titanium/mobilesdk/linux/5.0.1.GA/android/modules/titanium-filesystem.jar:/home/fatone/.titanium/mobilesdk/linux/5.0.1.GA/android/modules/titanium-media.jar:/home/fatone/.titanium/mobilesdk/linux/5.0.1.GA/android/modules/titanium-appcompat.jar:/home/fatone/.titanium/mobilesdk/linux/5.0.1.GA/android/android-support-v4.jar:/home/fatone/.titanium/mobilesdk/linux/5.0.1.GA/android/android-support-v7-appcompat.jar:/home/fatone/.titanium/mobilesdk/linux/5.0.1.GA/android/modules/titanium-locale.jar:/home/fatone/.titanium/mobilesdk/linux/5.0.1.GA/android/modules/titanium-network.jar:/home/fatone/.titanium/mobilesdk/linux/5.0.1.GA/android/modules/titanium-xml.jar:/home/fatone/.titanium/mobilesdk/linux/5.0.1.GA/android/modules/titanium-utils.jar:/home/fatone/.titanium/mobilesdk/linux/5.0.1.GA/android/modules/titanium-geolocation.jar:/home/fatone/.titanium/mobilesdk/linux/5.0.1.GA/android/modules/titanium-accelerometer.jar:/home/fatone/.titanium/mobilesdk/linux/5.0.1.GA/android/modules/titanium-contacts.jar:/home/fatone/.titanium/mobilesdk/linux/5.0.1.GA/android/modules/titanium-map.jar:/home/fatone/.titanium/mobilesdk/linux/5.0.1.GA/android/modules/titanium-gesture.jar:/home/fatone/.titanium/mobilesdk/linux/5.0.1.GA/android/modules/titanium-calendar.jar:/home/fatone/.titanium/mobilesdk/linux/5.0.1.GA/android/modules/titanium-platform.jar:/home/fatone/.titanium/mobilesdk/linux/5.0.1.GA/android/modules/titanium-database.jar:/home/fatone/.titanium/mobilesdk/linux/5.0.1.GA/android/lib/titanium-verify.jar:R.class:AssetCryptImpl.class:UserauthenticationActivity.class:UserauthenticationAppInfo.class:UserauthenticationApplication.class" "-d" "/home/fatone/Appcelerator_Studio_Workspace2/userAuthentication/build/android/bin/classes" "-proc:none" "-target" "1.6" "-source" "1.6" "@/home/fatone/Appcelerator_Studio_Workspace2/userAuthentication/build/android/java-sources.txt"
[INFO]   Running dexer: /usr/lib/jvm/java-7-openjdk-amd64/jre/bin/java "-Xmx1024M" "-XX:-UseGCOverheadLimit" "-Djava.ext.dirs=/home/fatone/Android/platform-tools" "-jar" "/home/fatone/Android/build-tools/23.0.1/lib/dx.jar" "--dex" "--output=/home/fatone/Appcelerator_Studio_Workspace2/userAuthentication/build/android/bin/classes.dex" "/home/fatone/Appcelerator_Studio_Workspace2/userAuthentication/build/android/bin/classes" "/home/fatone/.titanium/mobilesdk/linux/5.0.1.GA/android/lib/titanium-verify.jar" "/home/fatone/.titanium/mobilesdk/linux/5.0.1.GA/android/kroll-v8.jar" "/home/fatone/.titanium/mobilesdk/linux/5.0.1.GA/android/modules/titanium-analytics.jar" "/home/fatone/.titanium/mobilesdk/linux/5.0.1.GA/android/aps-analytics.jar" "/home/fatone/.titanium/mobilesdk/linux/5.0.1.GA/android/modules/titanium-android.jar" "/home/fatone/.titanium/mobilesdk/linux/5.0.1.GA/android/jaxen-1.1.1.jar" "/home/fatone/.titanium/mobilesdk/linux/5.0.1.GA/android/ti-commons-codec-1.3.jar" "/home/fatone/.titanium/mobilesdk/linux/5.0.1.GA/android/kroll-common.jar" "/home/fatone/.titanium/mobilesdk/linux/5.0.1.GA/android/titanium.jar" "/home/fatone/.titanium/mobilesdk/linux/5.0.1.GA/android/modules/titanium-app.jar" "/home/fatone/.titanium/mobilesdk/linux/5.0.1.GA/android/modules/titanium-ui.jar" "/home/fatone/.titanium/mobilesdk/linux/5.0.1.GA/android/nineoldandroids-appc-2.4.0.jar" "/home/fatone/.titanium/mobilesdk/linux/5.0.1.GA/android/modules/titanium-filesystem.jar" "/home/fatone/.titanium/mobilesdk/linux/5.0.1.GA/android/modules/titanium-media.jar" "/home/fatone/.titanium/mobilesdk/linux/5.0.1.GA/android/modules/titanium-appcompat.jar" "/home/fatone/.titanium/mobilesdk/linux/5.0.1.GA/android/android-support-v4.jar" "/home/fatone/.titanium/mobilesdk/linux/5.0.1.GA/android/android-support-v7-appcompat.jar" "/home/fatone/.titanium/mobilesdk/linux/5.0.1.GA/android/modules/titanium-locale.jar" "/home/fatone/.titanium/mobilesdk/linux/5.0.1.GA/android/modules/titanium-network.jar" "/home/fatone/.titanium/mobilesdk/linux/5.0.1.GA/android/modules/titanium-xml.jar" "/home/fatone/.titanium/mobilesdk/linux/5.0.1.GA/android/modules/titanium-utils.jar" "/home/fatone/.titanium/mobilesdk/linux/5.0.1.GA/android/modules/titanium-geolocation.jar" "/home/fatone/.titanium/mobilesdk/linux/5.0.1.GA/android/modules/titanium-accelerometer.jar" "/home/fatone/.titanium/mobilesdk/linux/5.0.1.GA/android/modules/titanium-contacts.jar" "/home/fatone/.titanium/mobilesdk/linux/5.0.1.GA/android/modules/titanium-map.jar" "/home/fatone/.titanium/mobilesdk/linux/5.0.1.GA/android/modules/titanium-gesture.jar" "/home/fatone/.titanium/mobilesdk/linux/5.0.1.GA/android/modules/titanium-calendar.jar" "/home/fatone/.titanium/mobilesdk/linux/5.0.1.GA/android/modules/titanium-platform.jar" "/home/fatone/.titanium/mobilesdk/linux/5.0.1.GA/android/modules/titanium-database.jar"
[INFO]   Creating unsigned apk
[DEBUG]  Processing /home/fatone/Appcelerator_Studio_Workspace2/userAuthentication/build/android/bin/app.ap_
[DEBUG]  Deflating AndroidManifest.xml
[DEBUG]  Adding assets/Resources/KS_nav_ui.png
[DEBUG]  Adding assets/Resources/KS_nav_views.png
[DEBUG]  Adding assets/Resources/appicon.png
[DEBUG]  Deflating assets/app.json
[DEBUG]  Deflating assets/index.json
[DEBUG]  Deflating res/anim/abc_fade_in.xml
[DEBUG]  Deflating res/anim/abc_fade_out.xml
[DEBUG]  Deflating res/anim/abc_grow_fade_in_from_bottom.xml
[DEBUG]  Deflating res/anim/abc_popup_enter.xml
[DEBUG]  Deflating res/anim/abc_popup_exit.xml
[DEBUG]  Deflating res/anim/abc_shrink_fade_out_from_bottom.xml
[DEBUG]  Deflating res/anim/abc_slide_in_bottom.xml
[DEBUG]  Deflating res/anim/abc_slide_in_top.xml
[DEBUG]  Deflating res/anim/abc_slide_out_bottom.xml
[DEBUG]  Deflating res/anim/abc_slide_out_top.xml
[DEBUG]  Deflating res/color-v11/abc_background_cache_hint_selector_material_dark.xml
[DEBUG]  Deflating res/color-v11/abc_background_cache_hint_selector_material_light.xml
[DEBUG]  Deflating res/color/abc_background_cache_hint_selector_material_dark.xml
[DEBUG]  Deflating res/color/abc_background_cache_hint_selector_material_light.xml
[DEBUG]  Deflating res/color/abc_primary_text_disable_only_material_dark.xml
[DEBUG]  Deflating res/color/abc_primary_text_disable_only_material_light.xml
[DEBUG]  Deflating res/color/abc_primary_text_material_dark.xml
[DEBUG]  Deflating res/color/abc_primary_text_material_light.xml
[DEBUG]  Deflating res/color/abc_search_url_text.xml
[DEBUG]  Deflating res/color/abc_secondary_text_material_dark.xml
[DEBUG]  Deflating res/color/abc_secondary_text_material_light.xml
[DEBUG]  Deflating res/color/switch_thumb_material_dark.xml
[DEBUG]  Deflating res/color/switch_thumb_material_light.xml
[DEBUG]  Adding res/drawable-hdpi-v4/abc_ab_share_pack_mtrl_alpha.9.png
[DEBUG]  Adding res/drawable-hdpi-v4/abc_btn_check_to_on_mtrl_000.png
[DEBUG]  Adding res/drawable-hdpi-v4/abc_btn_check_to_on_mtrl_015.png
[DEBUG]  Adding res/drawable-hdpi-v4/abc_btn_radio_to_on_mtrl_000.png
[DEBUG]  Adding res/drawable-hdpi-v4/abc_btn_radio_to_on_mtrl_015.png
[DEBUG]  Adding res/drawable-hdpi-v4/abc_btn_rating_star_off_mtrl_alpha.png
[DEBUG]  Adding res/drawable-hdpi-v4/abc_btn_rating_star_on_mtrl_alpha.png
[DEBUG]  Adding res/drawable-hdpi-v4/abc_btn_switch_to_on_mtrl_00001.9.png
[DEBUG]  Adding res/drawable-hdpi-v4/abc_btn_switch_to_on_mtrl_00012.9.png
[DEBUG]  Adding res/drawable-hdpi-v4/abc_cab_background_top_mtrl_alpha.9.png
[DEBUG]  Adding res/drawable-hdpi-v4/abc_ic_ab_back_mtrl_am_alpha.png
[DEBUG]  Adding res/drawable-hdpi-v4/abc_ic_clear_mtrl_alpha.png
[DEBUG]  Adding res/drawable-hdpi-v4/abc_ic_commit_search_api_mtrl_alpha.png
[DEBUG]  Adding res/drawable-hdpi-v4/abc_ic_go_search_api_mtrl_alpha.png
[DEBUG]  Adding res/drawable-hdpi-v4/abc_ic_menu_copy_mtrl_am_alpha.png
[DEBUG]  Adding res/drawable-hdpi-v4/abc_ic_menu_cut_mtrl_alpha.png
[DEBUG]  Adding res/drawable-hdpi-v4/abc_ic_menu_moreoverflow_mtrl_alpha.png
[DEBUG]  Adding res/drawable-hdpi-v4/abc_ic_menu_paste_mtrl_am_alpha.png
[DEBUG]  Adding res/drawable-hdpi-v4/abc_ic_menu_selectall_mtrl_alpha.png
[DEBUG]  Adding res/drawable-hdpi-v4/abc_ic_menu_share_mtrl_alpha.png
[DEBUG]  Adding res/drawable-hdpi-v4/abc_ic_search_api_mtrl_alpha.png
[DEBUG]  Adding res/drawable-hdpi-v4/abc_ic_voice_search_api_mtrl_alpha.png
[DEBUG]  Adding res/drawable-hdpi-v4/abc_list_divider_mtrl_alpha.9.png
[DEBUG]  Adding res/drawable-hdpi-v4/abc_list_focused_holo.9.png
[DEBUG]  Adding res/drawable-hdpi-v4/abc_list_longpressed_holo.9.png
[DEBUG]  Adding res/drawable-hdpi-v4/abc_list_pressed_holo_dark.9.png
[DEBUG]  Adding res/drawable-hdpi-v4/abc_list_pressed_holo_light.9.png
[DEBUG]  Adding res/drawable-hdpi-v4/abc_list_selector_disabled_holo_dark.9.png
[DEBUG]  Adding res/drawable-hdpi-v4/abc_list_selector_disabled_holo_light.9.png
[DEBUG]  Adding res/drawable-hdpi-v4/abc_menu_hardkey_panel_mtrl_mult.9.png
[DEBUG]  Adding res/drawable-hdpi-v4/abc_popup_background_mtrl_mult.9.png
[DEBUG]  Adding res/drawable-hdpi-v4/abc_spinner_mtrl_am_alpha.9.png
[DEBUG]  Adding res/drawable-hdpi-v4/abc_switch_track_mtrl_alpha.9.png
[DEBUG]  Adding res/drawable-hdpi-v4/abc_tab_indicator_mtrl_alpha.9.png
[DEBUG]  Adding res/drawable-hdpi-v4/abc_text_cursor_mtrl_alpha.9.png
[DEBUG]  Adding res/drawable-hdpi-v4/abc_textfield_activated_mtrl_alpha.9.png
[DEBUG]  Adding res/drawable-hdpi-v4/abc_textfield_default_mtrl_alpha.9.png
[DEBUG]  Adding res/drawable-hdpi-v4/abc_textfield_search_activated_mtrl_alpha.9.png
[DEBUG]  Adding res/drawable-hdpi-v4/abc_textfield_search_default_mtrl_alpha.9.png
[DEBUG]  Adding res/drawable-ldrtl-hdpi-v4/abc_ic_ab_back_mtrl_am_alpha.png
[DEBUG]  Adding res/drawable-ldrtl-hdpi-v4/abc_ic_menu_copy_mtrl_am_alpha.png
[DEBUG]  Adding res/drawable-ldrtl-hdpi-v4/abc_ic_menu_cut_mtrl_alpha.png
[DEBUG]  Adding res/drawable-ldrtl-hdpi-v4/abc_spinner_mtrl_am_alpha.9.png
[DEBUG]  Adding res/drawable-ldrtl-mdpi-v4/abc_ic_ab_back_mtrl_am_alpha.png
[DEBUG]  Adding res/drawable-ldrtl-mdpi-v4/abc_ic_menu_copy_mtrl_am_alpha.png
[DEBUG]  Adding res/drawable-ldrtl-mdpi-v4/abc_ic_menu_cut_mtrl_alpha.png
[DEBUG]  Adding res/drawable-ldrtl-mdpi-v4/abc_spinner_mtrl_am_alpha.9.png
[DEBUG]  Adding res/drawable-ldrtl-xhdpi-v4/abc_ic_ab_back_mtrl_am_alpha.png
[DEBUG]  Adding res/drawable-ldrtl-xhdpi-v4/abc_ic_menu_copy_mtrl_am_alpha.png
[DEBUG]  Adding res/drawable-ldrtl-xhdpi-v4/abc_ic_menu_cut_mtrl_alpha.png
[DEBUG]  Adding res/drawable-ldrtl-xhdpi-v4/abc_spinner_mtrl_am_alpha.9.png
[DEBUG]  Adding res/drawable-ldrtl-xxhdpi-v4/abc_ic_ab_back_mtrl_am_alpha.png
[DEBUG]  Adding res/drawable-ldrtl-xxhdpi-v4/abc_ic_menu_copy_mtrl_am_alpha.png
[DEBUG]  Adding res/drawable-ldrtl-xxhdpi-v4/abc_ic_menu_cut_mtrl_alpha.png
[DEBUG]  Adding res/drawable-ldrtl-xxhdpi-v4/abc_spinner_mtrl_am_alpha.9.png
[DEBUG]  Adding res/drawable-ldrtl-xxxhdpi-v4/abc_ic_ab_back_mtrl_am_alpha.png
[DEBUG]  Adding res/drawable-ldrtl-xxxhdpi-v4/abc_ic_menu_copy_mtrl_am_alpha.png
[DEBUG]  Adding res/drawable-ldrtl-xxxhdpi-v4/abc_ic_menu_cut_mtrl_alpha.png
[DEBUG]  Adding res/drawable-ldrtl-xxxhdpi-v4/abc_spinner_mtrl_am_alpha.9.png
[DEBUG]  Adding res/drawable-mdpi-v4/abc_ab_share_pack_mtrl_alpha.9.png
[DEBUG]  Adding res/drawable-mdpi-v4/abc_btn_check_to_on_mtrl_000.png
[DEBUG]  Adding res/drawable-mdpi-v4/abc_btn_check_to_on_mtrl_015.png
[DEBUG]  Adding res/drawable-mdpi-v4/abc_btn_radio_to_on_mtrl_000.png
[DEBUG]  Adding res/drawable-mdpi-v4/abc_btn_radio_to_on_mtrl_015.png
[DEBUG]  Adding res/drawable-mdpi-v4/abc_btn_rating_star_off_mtrl_alpha.png
[DEBUG]  Adding res/drawable-mdpi-v4/abc_btn_rating_star_on_mtrl_alpha.png
[DEBUG]  Adding res/drawable-mdpi-v4/abc_btn_switch_to_on_mtrl_00001.9.png
[DEBUG]  Adding res/drawable-mdpi-v4/abc_btn_switch_to_on_mtrl_00012.9.png
[DEBUG]  Adding res/drawable-mdpi-v4/abc_cab_background_top_mtrl_alpha.9.png
[DEBUG]  Adding res/drawable-mdpi-v4/abc_ic_ab_back_mtrl_am_alpha.png
[DEBUG]  Adding res/drawable-mdpi-v4/abc_ic_clear_mtrl_alpha.png
[DEBUG]  Adding res/drawable-mdpi-v4/abc_ic_commit_search_api_mtrl_alpha.png
[DEBUG]  Adding res/drawable-mdpi-v4/abc_ic_go_search_api_mtrl_alpha.png
[DEBUG]  Adding res/drawable-mdpi-v4/abc_ic_menu_copy_mtrl_am_alpha.png
[DEBUG]  Adding res/drawable-mdpi-v4/abc_ic_menu_cut_mtrl_alpha.png
[DEBUG]  Adding res/drawable-mdpi-v4/abc_ic_menu_moreoverflow_mtrl_alpha.png
[DEBUG]  Adding res/drawable-mdpi-v4/abc_ic_menu_paste_mtrl_am_alpha.png
[DEBUG]  Adding res/drawable-mdpi-v4/abc_ic_menu_selectall_mtrl_alpha.png
[DEBUG]  Adding res/drawable-mdpi-v4/abc_ic_menu_share_mtrl_alpha.png
[DEBUG]  Adding res/drawable-mdpi-v4/abc_ic_search_api_mtrl_alpha.png
[DEBUG]  Adding res/drawable-mdpi-v4/abc_ic_voice_search_api_mtrl_alpha.png
[DEBUG]  Adding res/drawable-mdpi-v4/abc_list_divider_mtrl_alpha.9.png
[DEBUG]  Adding res/drawable-mdpi-v4/abc_list_focused_holo.9.png
[DEBUG]  Adding res/drawable-mdpi-v4/abc_list_longpressed_holo.9.png
[DEBUG]  Adding res/drawable-mdpi-v4/abc_list_pressed_holo_dark.9.png
[DEBUG]  Adding res/drawable-mdpi-v4/abc_list_pressed_holo_light.9.png
[DEBUG]  Adding res/drawable-mdpi-v4/abc_list_selector_disabled_holo_dark.9.png
[DEBUG]  Adding res/drawable-mdpi-v4/abc_list_selector_disabled_holo_light.9.png
[DEBUG]  Adding res/drawable-mdpi-v4/abc_menu_hardkey_panel_mtrl_mult.9.png
[DEBUG]  Adding res/drawable-mdpi-v4/abc_popup_background_mtrl_mult.9.png
[DEBUG]  Adding res/drawable-mdpi-v4/abc_spinner_mtrl_am_alpha.9.png
[DEBUG]  Adding res/drawable-mdpi-v4/abc_switch_track_mtrl_alpha.9.png
[DEBUG]  Adding res/drawable-mdpi-v4/abc_tab_indicator_mtrl_alpha.9.png
[DEBUG]  Adding res/drawable-mdpi-v4/abc_text_cursor_mtrl_alpha.9.png
[DEBUG]  Adding res/drawable-mdpi-v4/abc_textfield_activated_mtrl_alpha.9.png
[DEBUG]  Adding res/drawable-mdpi-v4/abc_textfield_default_mtrl_alpha.9.png
[DEBUG]  Adding res/drawable-mdpi-v4/abc_textfield_search_activated_mtrl_alpha.9.png
[DEBUG]  Adding res/drawable-mdpi-v4/abc_textfield_search_default_mtrl_alpha.9.png
[DEBUG]  Adding res/drawable-tvdpi-v4/abc_btn_switch_to_on_mtrl_00001.9.png
[DEBUG]  Adding res/drawable-tvdpi-v4/abc_btn_switch_to_on_mtrl_00012.9.png
[DEBUG]  Adding res/drawable-xhdpi-v4/abc_ab_share_pack_mtrl_alpha.9.png
[DEBUG]  Adding res/drawable-xhdpi-v4/abc_btn_check_to_on_mtrl_000.png
[DEBUG]  Adding res/drawable-xhdpi-v4/abc_btn_check_to_on_mtrl_015.png
[DEBUG]  Adding res/drawable-xhdpi-v4/abc_btn_radio_to_on_mtrl_000.png
[DEBUG]  Adding res/drawable-xhdpi-v4/abc_btn_radio_to_on_mtrl_015.png
[DEBUG]  Adding res/drawable-xhdpi-v4/abc_btn_rating_star_off_mtrl_alpha.png
[DEBUG]  Adding res/drawable-xhdpi-v4/abc_btn_rating_star_on_mtrl_alpha.png
[DEBUG]  Adding res/drawable-xhdpi-v4/abc_btn_switch_to_on_mtrl_00001.9.png
[DEBUG]  Adding res/drawable-xhdpi-v4/abc_btn_switch_to_on_mtrl_00012.9.png
[DEBUG]  Adding res/drawable-xhdpi-v4/abc_cab_background_top_mtrl_alpha.9.png
[DEBUG]  Adding res/drawable-xhdpi-v4/abc_ic_ab_back_mtrl_am_alpha.png
[DEBUG]  Adding res/drawable-xhdpi-v4/abc_ic_clear_mtrl_alpha.png
[DEBUG]  Adding res/drawable-xhdpi-v4/abc_ic_commit_search_api_mtrl_alpha.png
[DEBUG]  Adding res/drawable-xhdpi-v4/abc_ic_go_search_api_mtrl_alpha.png
[DEBUG]  Adding res/drawable-xhdpi-v4/abc_ic_menu_copy_mtrl_am_alpha.png
[DEBUG]  Adding res/drawable-xhdpi-v4/abc_ic_menu_cut_mtrl_alpha.png
[DEBUG]  Adding res/drawable-xhdpi-v4/abc_ic_menu_moreoverflow_mtrl_alpha.png
[DEBUG]  Adding res/drawable-xhdpi-v4/abc_ic_menu_paste_mtrl_am_alpha.png
[DEBUG]  Adding res/drawable-xhdpi-v4/abc_ic_menu_selectall_mtrl_alpha.png
[DEBUG]  Adding res/drawable-xhdpi-v4/abc_ic_menu_share_mtrl_alpha.png
[DEBUG]  Adding res/drawable-xhdpi-v4/abc_ic_search_api_mtrl_alpha.png
[DEBUG]  Adding res/drawable-xhdpi-v4/abc_ic_voice_search_api_mtrl_alpha.png
[DEBUG]  Adding res/drawable-xhdpi-v4/abc_list_divider_mtrl_alpha.9.png
[DEBUG]  Adding res/drawable-xhdpi-v4/abc_list_focused_holo.9.png
[DEBUG]  Adding res/drawable-xhdpi-v4/abc_list_longpressed_holo.9.png
[DEBUG]  Adding res/drawable-xhdpi-v4/abc_list_pressed_holo_dark.9.png
[DEBUG]  Adding res/drawable-xhdpi-v4/abc_list_pressed_holo_light.9.png
[DEBUG]  Adding res/drawable-xhdpi-v4/abc_list_selector_disabled_holo_dark.9.png
[DEBUG]  Adding res/drawable-xhdpi-v4/abc_list_selector_disabled_holo_light.9.png
[DEBUG]  Adding res/drawable-xhdpi-v4/abc_menu_hardkey_panel_mtrl_mult.9.png
[DEBUG]  Adding res/drawable-xhdpi-v4/abc_popup_background_mtrl_mult.9.png
[DEBUG]  Adding res/drawable-xhdpi-v4/abc_spinner_mtrl_am_alpha.9.png
[DEBUG]  Adding res/drawable-xhdpi-v4/abc_switch_track_mtrl_alpha.9.png
[DEBUG]  Adding res/drawable-xhdpi-v4/abc_tab_indicator_mtrl_alpha.9.png
[DEBUG]  Adding res/drawable-xhdpi-v4/abc_text_cursor_mtrl_alpha.9.png
[DEBUG]  Adding res/drawable-xhdpi-v4/abc_textfield_activated_mtrl_alpha.9.png
[DEBUG]  Adding res/drawable-xhdpi-v4/abc_textfield_default_mtrl_alpha.9.png
[DEBUG]  Adding res/drawable-xhdpi-v4/abc_textfield_search_activated_mtrl_alpha.9.png
[DEBUG]  Adding res/drawable-xhdpi-v4/abc_textfield_search_default_mtrl_alpha.9.png
[DEBUG]  Adding res/drawable-xxhdpi-v4/abc_ab_share_pack_mtrl_alpha.9.png
[DEBUG]  Adding res/drawable-xxhdpi-v4/abc_btn_check_to_on_mtrl_000.png
[DEBUG]  Adding res/drawable-xxhdpi-v4/abc_btn_check_to_on_mtrl_015.png
[DEBUG]  Adding res/drawable-xxhdpi-v4/abc_btn_radio_to_on_mtrl_000.png
[DEBUG]  Adding res/drawable-xxhdpi-v4/abc_btn_radio_to_on_mtrl_015.png
[DEBUG]  Adding res/drawable-xxhdpi-v4/abc_btn_rating_star_off_mtrl_alpha.png
[DEBUG]  Adding res/drawable-xxhdpi-v4/abc_btn_rating_star_on_mtrl_alpha.png
[DEBUG]  Adding res/drawable-xxhdpi-v4/abc_btn_switch_to_on_mtrl_00001.9.png
[DEBUG]  Adding res/drawable-xxhdpi-v4/abc_btn_switch_to_on_mtrl_00012.9.png
[DEBUG]  Adding res/drawable-xxhdpi-v4/abc_cab_background_top_mtrl_alpha.9.png
[DEBUG]  Adding res/drawable-xxhdpi-v4/abc_ic_ab_back_mtrl_am_alpha.png
[DEBUG]  Adding res/drawable-xxhdpi-v4/abc_ic_clear_mtrl_alpha.png
[DEBUG]  Adding res/drawable-xxhdpi-v4/abc_ic_commit_search_api_mtrl_alpha.png
[DEBUG]  Adding res/drawable-xxhdpi-v4/abc_ic_go_search_api_mtrl_alpha.png
[DEBUG]  Adding res/drawable-xxhdpi-v4/abc_ic_menu_copy_mtrl_am_alpha.png
[DEBUG]  Adding res/drawable-xxhdpi-v4/abc_ic_menu_cut_mtrl_alpha.png
[DEBUG]  Adding res/drawable-xxhdpi-v4/abc_ic_menu_moreoverflow_mtrl_alpha.png
[DEBUG]  Adding res/drawable-xxhdpi-v4/abc_ic_menu_paste_mtrl_am_alpha.png
[DEBUG]  Adding res/drawable-xxhdpi-v4/abc_ic_menu_selectall_mtrl_alpha.png
[DEBUG]  Adding res/drawable-xxhdpi-v4/abc_ic_menu_share_mtrl_alpha.png
[DEBUG]  Adding res/drawable-xxhdpi-v4/abc_ic_search_api_mtrl_alpha.png
[DEBUG]  Adding res/drawable-xxhdpi-v4/abc_ic_voice_search_api_mtrl_alpha.png
[DEBUG]  Adding res/drawable-xxhdpi-v4/abc_list_divider_mtrl_alpha.9.png
[DEBUG]  Adding res/drawable-xxhdpi-v4/abc_list_focused_holo.9.png
[DEBUG]  Adding res/drawable-xxhdpi-v4/abc_list_longpressed_holo.9.png
[DEBUG]  Adding res/drawable-xxhdpi-v4/abc_list_pressed_holo_dark.9.png
[DEBUG]  Adding res/drawable-xxhdpi-v4/abc_list_pressed_holo_light.9.png
[DEBUG]  Adding res/drawable-xxhdpi-v4/abc_list_selector_disabled_holo_dark.9.png
[DEBUG]  Adding res/drawable-xxhdpi-v4/abc_list_selector_disabled_holo_light.9.png
[DEBUG]  Adding res/drawable-xxhdpi-v4/abc_menu_hardkey_panel_mtrl_mult.9.png
[DEBUG]  Adding res/drawable-xxhdpi-v4/abc_popup_background_mtrl_mult.9.png
[DEBUG]  Adding res/drawable-xxhdpi-v4/abc_spinner_mtrl_am_alpha.9.png
[DEBUG]  Adding res/drawable-xxhdpi-v4/abc_switch_track_mtrl_alpha.9.png
[DEBUG]  Adding res/drawable-xxhdpi-v4/abc_tab_indicator_mtrl_alpha.9.png
[DEBUG]  Adding res/drawable-xxhdpi-v4/abc_text_cursor_mtrl_alpha.9.png
[DEBUG]  Adding res/drawable-xxhdpi-v4/abc_textfield_activated_mtrl_alpha.9.png
[DEBUG]  Adding res/drawable-xxhdpi-v4/abc_textfield_default_mtrl_alpha.9.png
[DEBUG]  Adding res/drawable-xxhdpi-v4/abc_textfield_search_activated_mtrl_alpha.9.png
[DEBUG]  Adding res/drawable-xxhdpi-v4/abc_textfield_search_default_mtrl_alpha.9.png
[DEBUG]  Adding res/drawable-xxxhdpi-v4/abc_btn_check_to_on_mtrl_000.png
[DEBUG]  Adding res/drawable-xxxhdpi-v4/abc_btn_check_to_on_mtrl_015.png
[DEBUG]  Adding res/drawable-xxxhdpi-v4/abc_btn_radio_to_on_mtrl_000.png
[DEBUG]  Adding res/drawable-xxxhdpi-v4/abc_btn_radio_to_on_mtrl_015.png
[DEBUG]  Adding res/drawable-xxxhdpi-v4/abc_btn_switch_to_on_mtrl_00001.9.png
[DEBUG]  Adding res/drawable-xxxhdpi-v4/abc_btn_switch_to_on_mtrl_00012.9.png
[DEBUG]  Adding res/drawable-xxxhdpi-v4/abc_ic_ab_back_mtrl_am_alpha.png
[DEBUG]  Adding res/drawable-xxxhdpi-v4/abc_ic_clear_mtrl_alpha.png
[DEBUG]  Adding res/drawable-xxxhdpi-v4/abc_ic_menu_copy_mtrl_am_alpha.png
[DEBUG]  Adding res/drawable-xxxhdpi-v4/abc_ic_menu_cut_mtrl_alpha.png
[DEBUG]  Adding res/drawable-xxxhdpi-v4/abc_ic_menu_moreoverflow_mtrl_alpha.png
[DEBUG]  Adding res/drawable-xxxhdpi-v4/abc_ic_menu_paste_mtrl_am_alpha.png
[DEBUG]  Adding res/drawable-xxxhdpi-v4/abc_ic_menu_selectall_mtrl_alpha.png
[DEBUG]  Adding res/drawable-xxxhdpi-v4/abc_ic_menu_share_mtrl_alpha.png
[DEBUG]  Adding res/drawable-xxxhdpi-v4/abc_ic_search_api_mtrl_alpha.png
[DEBUG]  Adding res/drawable-xxxhdpi-v4/abc_ic_voice_search_api_mtrl_alpha.png
[DEBUG]  Adding res/drawable-xxxhdpi-v4/abc_spinner_mtrl_am_alpha.9.png
[DEBUG]  Adding res/drawable-xxxhdpi-v4/abc_switch_track_mtrl_alpha.9.png
[DEBUG]  Adding res/drawable-xxxhdpi-v4/abc_tab_indicator_mtrl_alpha.9.png
[DEBUG]  Deflating res/drawable/abc_btn_borderless_material.xml
[DEBUG]  Deflating res/drawable/abc_btn_check_material.xml
[DEBUG]  Deflating res/drawable/abc_btn_default_mtrl_shape.xml
[DEBUG]  Deflating res/drawable/abc_btn_radio_material.xml
[DEBUG]  Deflating res/drawable/abc_cab_background_internal_bg.xml
[DEBUG]  Deflating res/drawable/abc_cab_background_top_material.xml
[DEBUG]  Deflating res/drawable/abc_dialog_material_background_dark.xml
[DEBUG]  Deflating res/drawable/abc_dialog_material_background_light.xml
[DEBUG]  Deflating res/drawable/abc_edit_text_material.xml
[DEBUG]  Deflating res/drawable/abc_item_background_holo_dark.xml
[DEBUG]  Deflating res/drawable/abc_item_background_holo_light.xml
[DEBUG]  Deflating res/drawable/abc_list_selector_background_transition_holo_dark.xml
[DEBUG]  Deflating res/drawable/abc_list_selector_background_transition_holo_light.xml
[DEBUG]  Deflating res/drawable/abc_list_selector_holo_dark.xml
[DEBUG]  Deflating res/drawable/abc_list_selector_holo_light.xml
[DEBUG]  Deflating res/drawable/abc_ratingbar_full_material.xml
[DEBUG]  Deflating res/drawable/abc_spinner_textfield_background_material.xml
[DEBUG]  Deflating res/drawable/abc_switch_thumb_material.xml
[DEBUG]  Deflating res/drawable/abc_tab_indicator_material.xml
[DEBUG]  Deflating res/drawable/abc_textfield_search_material.xml
[DEBUG]  Adding res/drawable/appicon.png
[DEBUG]  Adding res/drawable/background.png
[DEBUG]  Adding res/drawable/btn_check_buttonless_on_64.png
[DEBUG]  Adding res/drawable/btn_more_64.png
[DEBUG]  Adding res/drawable/disclosure_64.png
[DEBUG]  Deflating res/layout-v11/abc_screen_content_include.xml
[DEBUG]  Deflating res/layout-v17/abc_alert_dialog_material.xml
[DEBUG]  Deflating res/layout-v17/abc_dialog_title_material.xml
[DEBUG]  Deflating res/layout-v17/abc_search_view.xml
[DEBUG]  Deflating res/layout-v21/abc_screen_toolbar.xml
[DEBUG]  Deflating res/layout-v21/titanium_ui_date_picker_spinner.xml
[DEBUG]  Deflating res/layout-v21/titanium_ui_time_picker_spinner.xml
[DEBUG]  Deflating res/layout/abc_action_bar_title_item.xml
[DEBUG]  Deflating res/layout/abc_action_bar_up_container.xml
[DEBUG]  Deflating res/layout/abc_action_bar_view_list_nav_layout.xml
[DEBUG]  Deflating res/layout/abc_action_menu_item_layout.xml
[DEBUG]  Deflating res/layout/abc_action_menu_layout.xml
[DEBUG]  Deflating res/layout/abc_action_mode_bar.xml
[DEBUG]  Deflating res/layout/abc_action_mode_close_item_material.xml
[DEBUG]  Deflating res/layout/abc_activity_chooser_view.xml
[DEBUG]  Deflating res/layout/abc_activity_chooser_view_list_item.xml
[DEBUG]  Deflating res/layout/abc_alert_dialog_material.xml
[DEBUG]  Deflating res/layout/abc_dialog_title_material.xml
[DEBUG]  Deflating res/layout/abc_expanded_menu_layout.xml
[DEBUG]  Deflating res/layout/abc_list_menu_item_checkbox.xml
[DEBUG]  Deflating res/layout/abc_list_menu_item_icon.xml
[DEBUG]  Deflating res/layout/abc_list_menu_item_layout.xml
[DEBUG]  Deflating res/layout/abc_list_menu_item_radio.xml
[DEBUG]  Deflating res/layout/abc_popup_menu_item_layout.xml
[DEBUG]  Deflating res/layout/abc_screen_content_include.xml
[DEBUG]  Deflating res/layout/abc_screen_simple.xml
[DEBUG]  Deflating res/layout/abc_screen_simple_overlay_action_mode.xml
[DEBUG]  Deflating res/layout/abc_screen_toolbar.xml
[DEBUG]  Deflating res/layout/abc_search_dropdown_item_icons_2line.xml
[DEBUG]  Deflating res/layout/abc_search_view.xml
[DEBUG]  Deflating res/layout/abc_select_dialog_material.xml
[DEBUG]  Deflating res/layout/abc_simple_dropdown_hint.xml
[DEBUG]  Deflating res/layout/select_dialog_item_material.xml
[DEBUG]  Deflating res/layout/select_dialog_multichoice_material.xml
[DEBUG]  Deflating res/layout/select_dialog_singlechoice_material.xml
[DEBUG]  Deflating res/layout/support_simple_spinner_dropdown_item.xml
[DEBUG]  Deflating res/layout/titanium_tabgroup.xml
[DEBUG]  Deflating res/layout/titanium_ui_checkbox.xml
[DEBUG]  Deflating res/layout/titanium_ui_date_picker_spinner.xml
[DEBUG]  Deflating res/layout/titanium_ui_edittext.xml
[DEBUG]  Deflating res/layout/titanium_ui_list_header_or_footer.xml
[DEBUG]  Deflating res/layout/titanium_ui_list_item.xml
[DEBUG]  Deflating res/layout/titanium_ui_spinner.xml
[DEBUG]  Deflating res/layout/titanium_ui_switchcompat.xml
[DEBUG]  Deflating res/layout/titanium_ui_time_picker_spinner.xml
[DEBUG]  Deflating resources.arsc
[DEBUG]  Processing /home/fatone/.titanium/mobilesdk/linux/5.0.1.GA/android/kroll-v8.jar
[DEBUG]  Processing /home/fatone/.titanium/mobilesdk/linux/5.0.1.GA/android/modules/titanium-analytics.jar
[DEBUG]  Processing /home/fatone/.titanium/mobilesdk/linux/5.0.1.GA/android/aps-analytics.jar
[DEBUG]  Processing /home/fatone/.titanium/mobilesdk/linux/5.0.1.GA/android/modules/titanium-android.jar
[DEBUG]  Processing /home/fatone/.titanium/mobilesdk/linux/5.0.1.GA/android/jaxen-1.1.1.jar
[DEBUG]  Processing /home/fatone/.titanium/mobilesdk/linux/5.0.1.GA/android/ti-commons-codec-1.3.jar
[DEBUG]  Processing /home/fatone/.titanium/mobilesdk/linux/5.0.1.GA/android/kroll-common.jar
[DEBUG]  Processing /home/fatone/.titanium/mobilesdk/linux/5.0.1.GA/android/titanium.jar
[DEBUG]  Deflating org/appcelerator/titanium/build.properties
[DEBUG]  Adding org/appcelerator/titanium/res/drawable/background.png
[DEBUG]  Adding org/appcelerator/titanium/res/drawable/btn_check_buttonless_on.png
[DEBUG]  Adding org/appcelerator/titanium/res/drawable/btn_check_buttonless_on_100.png
[DEBUG]  Adding org/appcelerator/titanium/res/drawable/btn_check_buttonless_on_18.png
[DEBUG]  Adding org/appcelerator/titanium/res/drawable/btn_check_buttonless_on_48.png
[DEBUG]  Adding org/appcelerator/titanium/res/drawable/btn_check_buttonless_on_64.png
[DEBUG]  Adding org/appcelerator/titanium/res/drawable/btn_more.png
[DEBUG]  Adding org/appcelerator/titanium/res/drawable/btn_more_100.png
[DEBUG]  Adding org/appcelerator/titanium/res/drawable/btn_more_18.png
[DEBUG]  Adding org/appcelerator/titanium/res/drawable/btn_more_48.png
[DEBUG]  Adding org/appcelerator/titanium/res/drawable/btn_more_64.png
[DEBUG]  Adding org/appcelerator/titanium/res/drawable/btn_picker_normal.9.png
[DEBUG]  Adding org/appcelerator/titanium/res/drawable/btn_picker_pressed.9.png
[DEBUG]  Adding org/appcelerator/titanium/res/drawable/btn_picker_selected.9.png
[DEBUG]  Adding org/appcelerator/titanium/res/drawable/default_icon.png
[DEBUG]  Adding org/appcelerator/titanium/res/drawable/photoDefault.png
[DEBUG]  Processing /home/fatone/.titanium/mobilesdk/linux/5.0.1.GA/android/modules/titanium-app.jar
[DEBUG]  Processing /home/fatone/.titanium/mobilesdk/linux/5.0.1.GA/android/modules/titanium-ui.jar
[DEBUG]  Deflating ti/modules/titanium/ui/widget/webview/binding.js
[DEBUG]  Deflating ti/modules/titanium/ui/widget/webview/binding.min.js
[DEBUG]  Deflating ti/modules/titanium/ui/widget/webview/json2.js
[DEBUG]  Deflating ti/modules/titanium/ui/widget/webview/polling.js
[DEBUG]  Deflating ti/modules/titanium/ui/widget/webview/polling.min.js
[DEBUG]  Processing /home/fatone/.titanium/mobilesdk/linux/5.0.1.GA/android/nineoldandroids-appc-2.4.0.jar
[DEBUG]  Processing /home/fatone/.titanium/mobilesdk/linux/5.0.1.GA/android/modules/titanium-filesystem.jar
[DEBUG]  Processing /home/fatone/.titanium/mobilesdk/linux/5.0.1.GA/android/modules/titanium-media.jar
[DEBUG]  Processing /home/fatone/.titanium/mobilesdk/linux/5.0.1.GA/android/modules/titanium-appcompat.jar
[DEBUG]  Processing /home/fatone/.titanium/mobilesdk/linux/5.0.1.GA/android/android-support-v4.jar
[DEBUG]  Processing /home/fatone/.titanium/mobilesdk/linux/5.0.1.GA/android/android-support-v7-appcompat.jar
[DEBUG]  Processing /home/fatone/.titanium/mobilesdk/linux/5.0.1.GA/android/modules/titanium-locale.jar
[DEBUG]  Processing /home/fatone/.titanium/mobilesdk/linux/5.0.1.GA/android/modules/titanium-network.jar
[DEBUG]  Processing /home/fatone/.titanium/mobilesdk/linux/5.0.1.GA/android/modules/titanium-xml.jar
[DEBUG]  Processing /home/fatone/.titanium/mobilesdk/linux/5.0.1.GA/android/modules/titanium-utils.jar
[DEBUG]  Processing /home/fatone/.titanium/mobilesdk/linux/5.0.1.GA/android/modules/titanium-geolocation.jar
[DEBUG]  Processing /home/fatone/.titanium/mobilesdk/linux/5.0.1.GA/android/modules/titanium-accelerometer.jar
[DEBUG]  Processing /home/fatone/.titanium/mobilesdk/linux/5.0.1.GA/android/modules/titanium-contacts.jar
[DEBUG]  Processing /home/fatone/.titanium/mobilesdk/linux/5.0.1.GA/android/modules/titanium-map.jar
[DEBUG]  Processing /home/fatone/.titanium/mobilesdk/linux/5.0.1.GA/android/modules/titanium-gesture.jar
[DEBUG]  Processing /home/fatone/.titanium/mobilesdk/linux/5.0.1.GA/android/modules/titanium-calendar.jar
[DEBUG]  Processing /home/fatone/.titanium/mobilesdk/linux/5.0.1.GA/android/modules/titanium-platform.jar
[DEBUG]  Processing /home/fatone/.titanium/mobilesdk/linux/5.0.1.GA/android/modules/titanium-database.jar
[DEBUG]  Adding classes.dex
[INFO]   Processing /home/fatone/Appcelerator_Studio_Workspace2/userAuthentication/build/android/src
[DEBUG]  Adding lib/armeabi/libkroll-v8.so
[DEBUG]  Adding lib/armeabi/libstlport_shared.so
[DEBUG]  Adding lib/armeabi/libtiverify.so
[DEBUG]  Adding lib/armeabi-v7a/libkroll-v8.so
[DEBUG]  Adding lib/armeabi-v7a/libstlport_shared.so
[DEBUG]  Adding lib/armeabi-v7a/libtiverify.so
[DEBUG]  Adding lib/x86/libkroll-v8.so
[DEBUG]  Adding lib/x86/libstlport_shared.so
[DEBUG]  Adding lib/x86/libtiverify.so
[INFO]   Writing unsigned apk: /home/fatone/Appcelerator_Studio_Workspace2/userAuthentication/build/android/bin/app-unsigned.apk